TN:
SF:environmentLoader.js
FN:5,environmentLoader
FNF:1
FNH:1
FNDA:1,environmentLoader
DA:2,1
DA:3,1
DA:6,1
DA:8,1
DA:10,0
DA:12,0
DA:15,0
DA:19,1
LF:8
LH:5
BRDA:5,0,0,0
BRDA:6,1,0,1
BRDA:6,1,1,0
BRDA:6,1,2,0
BRDA:6,1,3,0
BRF:5
BRH:1
end_of_record
TN:
SF:server.js
FN:41,(anonymous_0)
FNF:1
FNH:0
FNDA:0,(anonymous_0)
DA:2,1
DA:3,1
DA:4,1
DA:5,1
DA:6,1
DA:7,1
DA:10,1
DA:11,1
DA:14,1
DA:17,1
DA:18,1
DA:21,1
DA:24,1
DA:26,1
DA:27,1
DA:30,1
DA:31,1
DA:32,1
DA:33,1
DA:34,1
DA:35,1
DA:36,1
DA:39,1
DA:40,0
DA:41,0
DA:42,0
DA:46,1
LF:27
LH:24
BRDA:39,0,0,0
BRDA:39,0,1,1
BRDA:40,1,0,0
BRDA:40,1,1,0
BRF:4
BRH:1
end_of_record
TN:
SF:backend\config\db.js
FN:18,(anonymous_0)
FNF:1
FNH:0
FNDA:0,(anonymous_0)
DA:18,1
DA:19,0
DA:21,0
DA:22,0
DA:24,0
DA:25,0
LF:6
LH:1
BRF:0
BRH:0
end_of_record
TN:
SF:backend\models\challengesSchema.js
FNF:0
FNH:0
DA:1,1
DA:3,1
DA:12,1
DA:22,1
DA:30,1
DA:35,1
LF:6
LH:6
BRF:0
BRH:0
end_of_record
TN:
SF:backend\models\functionSchema.js
FNF:0
FNH:0
DA:1,1
DA:3,1
DA:10,1
DA:17,1
LF:4
LH:4
BRF:0
BRH:0
end_of_record
TN:
SF:backend\models\userSchema.js
FNF:0
FNH:0
DA:1,1
DA:3,1
DA:14,1
LF:3
LH:3
BRF:0
BRH:0
end_of_record
TN:
SF:routes\authRoutes.js
FN:7,(anonymous_0)
FNF:1
FNH:0
FNDA:0,(anonymous_0)
DA:1,1
DA:2,1
DA:3,1
DA:4,1
DA:7,1
DA:16,0
DA:18,0
DA:20,0
DA:21,0
DA:22,0
DA:26,0
DA:29,0
DA:40,0
DA:43,0
DA:55,0
DA:56,0
DA:60,1
LF:17
LH:6
BRDA:21,0,0,0
BRDA:21,0,1,0
BRDA:36,1,0,0
BRDA:36,1,1,0
BRF:4
BRH:0
end_of_record
TN:
SF:routes\challengeRoutes.js
FN:7,(anonymous_0)
FNF:1
FNH:0
FNDA:0,(anonymous_0)
DA:2,1
DA:3,1
DA:4,1
DA:7,1
DA:8,0
DA:10,0
DA:12,0
DA:21,0
DA:24,0
DA:29,0
DA:30,0
DA:34,1
LF:12
LH:5
BRF:0
BRH:0
end_of_record
TN:
SF:routes\codeRoutes.js
FN:6,(anonymous_0)
FNF:1
FNH:0
FNDA:0,(anonymous_0)
DA:1,1
DA:2,1
DA:3,1
DA:6,1
DA:7,0
DA:9,0
DA:11,0
DA:19,0
DA:22,0
DA:27,0
DA:28,0
DA:32,1
LF:12
LH:5
BRF:0
BRH:0
end_of_record
TN:
SF:routes\functionInputDefinitionRoutes.js
FN:6,(anonymous_0)
FNF:1
FNH:0
FNDA:0,(anonymous_0)
DA:1,1
DA:2,1
DA:3,1
DA:6,1
DA:7,0
DA:9,0
DA:11,0
DA:18,0
DA:21,0
DA:26,0
DA:27,0
DA:31,1
LF:12
LH:5
BRF:0
BRH:0
end_of_record
TN:
SF:routes\functionInputValueRoutes.js
FN:6,(anonymous_0)
FNF:1
FNH:0
FNDA:0,(anonymous_0)
DA:1,1
DA:2,1
DA:3,1
DA:6,1
DA:7,0
DA:9,0
DA:11,0
DA:18,0
DA:21,0
DA:26,0
DA:27,0
DA:31,1
LF:12
LH:5
BRF:0
BRH:0
end_of_record
TN:
SF:routes\submissionRoutes.js
FN:6,(anonymous_0)
FNF:1
FNH:0
FNDA:0,(anonymous_0)
DA:1,1
DA:2,1
DA:3,1
DA:6,1
DA:7,0
DA:9,0
DA:11,0
DA:20,0
DA:23,0
DA:28,0
DA:29,0
DA:33,1
LF:12
LH:5
BRF:0
BRH:0
end_of_record
TN:
SF:routes\testCaseRoutes.js
FN:6,(anonymous_0)
FNF:1
FNH:0
FNDA:0,(anonymous_0)
DA:1,1
DA:2,1
DA:3,1
DA:6,1
DA:7,0
DA:9,0
DA:11,0
DA:17,0
DA:20,0
DA:25,0
DA:26,0
DA:30,1
LF:12
LH:5
BRF:0
BRH:0
end_of_record
